<html>
<head>
<title>TestNG:  FirstTest</title>
<link href="../testng.css" rel="stylesheet" type="text/css" />
<link href="../my-testng.css" rel="stylesheet" type="text/css" />

<style type="text/css">
.log { display: none;} 
.stack-trace { display: none;} 
</style>
<script type="text/javascript">
<!--
function flip(e) {
  current = e.style.display;
  if (current == 'block') {
    e.style.display = 'none';
    return 0;
  }
  else {
    e.style.display = 'block';
    return 1;
  }
}

function toggleBox(szDivId, elem, msg1, msg2)
{
  var res = -1;  if (document.getElementById) {
    res = flip(document.getElementById(szDivId));
  }
  else if (document.all) {
    // this is the way old msie versions work
    res = flip(document.all[szDivId]);
  }
  if(elem) {
    if(res == 0) elem.innerHTML = msg1; else elem.innerHTML = msg2;
  }

}

function toggleAllBoxes() {
  if (document.getElementsByTagName) {
    d = document.getElementsByTagName('div');
    for (i = 0; i < d.length; i++) {
      if (d[i].className == 'log') {
        flip(d[i]);
      }
    }
  }
}

// -->
</script>

</head>
<body>
<h2 align='center'>FirstTest</h2><table border='1' align="center">
<tr>
<td>Tests passed/Failed/Skipped:</td><td>17/2/0</td>
</tr><tr>
<td>Started on:</td><td>Wed May 05 12:01:02 ICT 2021</td>
</tr>
<tr><td>Total time:</td><td>303 seconds (303962 ms)</td>
</tr><tr>
<td>Included groups:</td><td></td>
</tr><tr>
<td>Excluded groups:</td><td></td>
</tr>
</table><p/>
<small><i>(Hover the method name to see the test class name)</i></small><p/>
<table width='100%' border='1' class='invocation-failed'>
<tr><td colspan='4' align='center'><b>FAILED TESTS</b></td></tr>
<tr><td><b>Test method</b></td>
<td width="30%"><b>Exception</b></td>
<td width="10%"><b>Time (seconds)</b></td>
<td><b>Instance</b></td>
</tr>
<tr>
<td title='test.CreateAccount.createAccountSuccess()'><b>createAccountSuccess</b><br>Test class: test.CreateAccount</td>
<td><div><pre>org.openqa.selenium.NoSuchElementException: no such element: Unable to locate element: {&quot;method&quot;:&quot;xpath&quot;,&quot;selector&quot;:&quot;//*[@id=&quot;id_gender1&quot;]&quot;}
  (Session info: chrome=90.0.4430.93)
For documentation on this error, please visit: https://selenium.dev/exceptions/#no_such_element
Build info: version: &apos;4.0.0-beta-3&apos;, revision: &apos;5d108f9a67&apos;
System info: host: &apos;DESKTOP-OA3ENQ8&apos;, ip: &apos;10.10.31.109&apos;, os.name: &apos;Windows 10&apos;, os.arch: &apos;amd64&apos;, os.version: &apos;10.0&apos;, java.version: &apos;16&apos;
Driver info: org.openqa.selenium.chrome.ChromeDriver
Command: [885497b9098e9da679709fd5b8ad3602, findElement {using=xpath, value=//*[@id=&quot;id_gender1&quot;]}]
Capabilities {acceptInsecureCerts: false, browserName: chrome, browserVersion: 90.0.4430.93, chrome: {chromedriverVersion: 89.0.4389.23 (61b08ee2c5002..., userDataDir: C:\Users\LQA\AppData\Local\...}, goog:chromeOptions: {debuggerAddress: localhost:60190}, javascriptEnabled: true, networkConnectionEnabled: false, pageLoadStrategy: normal, platform: WINDOWS, platformName: WINDOWS, proxy: Proxy(), se:cdp: ws://localhost:60190/devtoo..., se:cdpVersion: 90.0.4430.93, setWindowRect: true, strictFileInteractability: false, timeouts: {implicit: 0, pageLoad: 300000, script: 30000}, unhandledPromptBehavior: dismiss and notify, webauthn:extension:largeBlob: true, webauthn:virtualAuthenticators: true}
Session ID: 885497b9098e9da679709fd5b8ad3602
	at org.openqa.selenium.remote.codec.w3c.W3CHttpResponseCodec.createException(W3CHttpResponseCodec.java:198)
	at org.openqa.selenium.remote.codec.w3c.W3CHttpResponseCodec.decode(W3CHttpResponseCodec.java:131)
	at org.openqa.selenium.remote.codec.w3c.W3CHttpResponseCodec.decode(W3CHttpResponseCodec.java:52)
	at org.openqa.selenium.remote.HttpCommandExecutor.execute(HttpCommandExecutor.java:184)
	at org.openqa.selenium.remote.service.DriverCommandExecutor.invokeExecute(DriverCommandExecutor.java:153)
	at org.openqa.selenium.remote.service.DriverCommandExecutor.execute(DriverCommandExecutor.java:128)
	at org.openqa.selenium.remote.RemoteWebDriver.execute(RemoteWebDriver.java:619)
	at org.openqa.selenium.remote.RemoteWebDriver$Mechanism$2.findElement(RemoteWebDriver.java:1258)
	at org.openqa.selenium.remote.RemoteWebDriver.findElement(RemoteWebDriver.java:386)
	at org.openqa.selenium.remote.RemoteWebDriver.findElement(RemoteWebDriver.java:380)
	at base.Utils.click(Utils.java:106)
	at test.CreateAccount.createAccountSuccess(CreateAccount.java:71)
	at java.base/java.util.ArrayList.forEach(ArrayList.java:1511)
... Removed 31 stack frames</pre></div><a href='#' onClick='toggleBox("stack-trace158460163", this, "Click to show all stack frames", "Click to hide stack frames")'>Click to show all stack frames</a>
<div class='stack-trace' id='stack-trace158460163'><pre>org.openqa.selenium.NoSuchElementException: no such element: Unable to locate element: {&quot;method&quot;:&quot;xpath&quot;,&quot;selector&quot;:&quot;//*[@id=&quot;id_gender1&quot;]&quot;}
  (Session info: chrome=90.0.4430.93)
For documentation on this error, please visit: https://selenium.dev/exceptions/#no_such_element
Build info: version: &apos;4.0.0-beta-3&apos;, revision: &apos;5d108f9a67&apos;
System info: host: &apos;DESKTOP-OA3ENQ8&apos;, ip: &apos;10.10.31.109&apos;, os.name: &apos;Windows 10&apos;, os.arch: &apos;amd64&apos;, os.version: &apos;10.0&apos;, java.version: &apos;16&apos;
Driver info: org.openqa.selenium.chrome.ChromeDriver
Command: [885497b9098e9da679709fd5b8ad3602, findElement {using=xpath, value=//*[@id=&quot;id_gender1&quot;]}]
Capabilities {acceptInsecureCerts: false, browserName: chrome, browserVersion: 90.0.4430.93, chrome: {chromedriverVersion: 89.0.4389.23 (61b08ee2c5002..., userDataDir: C:\Users\LQA\AppData\Local\...}, goog:chromeOptions: {debuggerAddress: localhost:60190}, javascriptEnabled: true, networkConnectionEnabled: false, pageLoadStrategy: normal, platform: WINDOWS, platformName: WINDOWS, proxy: Proxy(), se:cdp: ws://localhost:60190/devtoo..., se:cdpVersion: 90.0.4430.93, setWindowRect: true, strictFileInteractability: false, timeouts: {implicit: 0, pageLoad: 300000, script: 30000}, unhandledPromptBehavior: dismiss and notify, webauthn:extension:largeBlob: true, webauthn:virtualAuthenticators: true}
Session ID: 885497b9098e9da679709fd5b8ad3602
	at jdk.internal.reflect.GeneratedConstructorAccessor12.newInstance(Unknown Source)
	at java.base/jdk.internal.reflect.DelegatingConstructorAccessorImpl.newInstance(DelegatingConstructorAccessorImpl.java:45)
	at java.base/java.lang.reflect.Constructor.newInstanceWithCaller(Constructor.java:499)
	at java.base/java.lang.reflect.Constructor.newInstance(Constructor.java:480)
	at org.openqa.selenium.remote.codec.w3c.W3CHttpResponseCodec.createException(W3CHttpResponseCodec.java:198)
	at org.openqa.selenium.remote.codec.w3c.W3CHttpResponseCodec.decode(W3CHttpResponseCodec.java:131)
	at org.openqa.selenium.remote.codec.w3c.W3CHttpResponseCodec.decode(W3CHttpResponseCodec.java:52)
	at org.openqa.selenium.remote.HttpCommandExecutor.execute(HttpCommandExecutor.java:184)
	at org.openqa.selenium.remote.service.DriverCommandExecutor.invokeExecute(DriverCommandExecutor.java:153)
	at org.openqa.selenium.remote.service.DriverCommandExecutor.execute(DriverCommandExecutor.java:128)
	at org.openqa.selenium.remote.RemoteWebDriver.execute(RemoteWebDriver.java:619)
	at org.openqa.selenium.remote.RemoteWebDriver$Mechanism$2.findElement(RemoteWebDriver.java:1258)
	at org.openqa.selenium.remote.RemoteWebDriver.findElement(RemoteWebDriver.java:386)
	at org.openqa.selenium.remote.RemoteWebDriver.findElement(RemoteWebDriver.java:380)
	at base.Utils.click(Utils.java:106)
	at test.CreateAccount.createAccountSuccess(CreateAccount.java:71)
	at java.base/jdk.internal.reflect.NativeMethodAccessorImpl.invoke0(Native Method)
	at java.base/jdk.internal.reflect.NativeMethodAccessorImpl.invoke(NativeMethodAccessorImpl.java:78)
	at java.base/jdk.internal.reflect.DelegatingMethodAccessorImpl.invoke(DelegatingMethodAccessorImpl.java:43)
	at java.base/java.lang.reflect.Method.invoke(Method.java:567)
	at org.testng.internal.MethodInvocationHelper.invokeMethod(MethodInvocationHelper.java:133)
	at org.testng.internal.TestInvoker.invokeMethod(TestInvoker.java:598)
	at org.testng.internal.TestInvoker.invokeTestMethod(TestInvoker.java:173)
	at org.testng.internal.MethodRunner.runInSequence(MethodRunner.java:46)
	at org.testng.internal.TestInvoker$MethodInvocationAgent.invoke(TestInvoker.java:824)
	at org.testng.internal.TestInvoker.invokeTestMethods(TestInvoker.java:146)
	at org.testng.internal.TestMethodWorker.invokeTestMethods(TestMethodWorker.java:146)
	at org.testng.internal.TestMethodWorker.run(TestMethodWorker.java:128)
	at java.base/java.util.ArrayList.forEach(ArrayList.java:1511)
	at org.testng.TestRunner.privateRun(TestRunner.java:794)
	at org.testng.TestRunner.run(TestRunner.java:596)
	at org.testng.SuiteRunner.runTest(SuiteRunner.java:377)
	at org.testng.SuiteRunner.runSequentially(SuiteRunner.java:371)
	at org.testng.SuiteRunner.privateRun(SuiteRunner.java:332)
	at org.testng.SuiteRunner.run(SuiteRunner.java:276)
	at org.testng.SuiteRunnerWorker.runSuite(SuiteRunnerWorker.java:53)
	at org.testng.SuiteRunnerWorker.run(SuiteRunnerWorker.java:96)
	at org.testng.TestNG.runSuitesSequentially(TestNG.java:1212)
	at org.testng.TestNG.runSuitesLocally(TestNG.java:1134)
	at org.testng.TestNG.runSuites(TestNG.java:1063)
	at org.testng.TestNG.run(TestNG.java:1031)
	at org.testng.remote.AbstractRemoteTestNG.run(AbstractRemoteTestNG.java:115)
	at org.testng.remote.RemoteTestNG.initAndRun(RemoteTestNG.java:251)
	at org.testng.remote.RemoteTestNG.main(RemoteTestNG.java:77)
</pre></div></td>
<td>13</td>
<td>test.CreateAccount@7714e963</td></tr>
<tr>
<td title='test.NewsLetter.newsletter()'><b>newsletter</b><br>Test class: test.NewsLetter</td>
<td><div><pre>org.openqa.selenium.NoSuchElementException: no such element: Unable to locate element: {&quot;method&quot;:&quot;xpath&quot;,&quot;selector&quot;:&quot;//*[@class=&quot;alert alert-success&quot;]&quot;}
  (Session info: chrome=90.0.4430.93)
For documentation on this error, please visit: https://selenium.dev/exceptions/#no_such_element
Build info: version: &apos;4.0.0-beta-3&apos;, revision: &apos;5d108f9a67&apos;
System info: host: &apos;DESKTOP-OA3ENQ8&apos;, ip: &apos;10.10.31.109&apos;, os.name: &apos;Windows 10&apos;, os.arch: &apos;amd64&apos;, os.version: &apos;10.0&apos;, java.version: &apos;16&apos;
Driver info: org.openqa.selenium.chrome.ChromeDriver
Command: [2d936f54af10963f1af3b5b7e0882c85, findElement {using=xpath, value=//*[@class=&quot;alert alert-success&quot;]}]
Capabilities {acceptInsecureCerts: false, browserName: chrome, browserVersion: 90.0.4430.93, chrome: {chromedriverVersion: 89.0.4389.23 (61b08ee2c5002..., userDataDir: C:\Users\LQA\AppData\Local\...}, goog:chromeOptions: {debuggerAddress: localhost:60349}, javascriptEnabled: true, networkConnectionEnabled: false, pageLoadStrategy: normal, platform: WINDOWS, platformName: WINDOWS, proxy: Proxy(), se:cdp: ws://localhost:60349/devtoo..., se:cdpVersion: 90.0.4430.93, setWindowRect: true, strictFileInteractability: false, timeouts: {implicit: 0, pageLoad: 300000, script: 30000}, unhandledPromptBehavior: dismiss and notify, webauthn:extension:largeBlob: true, webauthn:virtualAuthenticators: true}
Session ID: 2d936f54af10963f1af3b5b7e0882c85
	at org.openqa.selenium.remote.codec.w3c.W3CHttpResponseCodec.createException(W3CHttpResponseCodec.java:198)
	at org.openqa.selenium.remote.codec.w3c.W3CHttpResponseCodec.decode(W3CHttpResponseCodec.java:131)
	at org.openqa.selenium.remote.codec.w3c.W3CHttpResponseCodec.decode(W3CHttpResponseCodec.java:52)
	at org.openqa.selenium.remote.HttpCommandExecutor.execute(HttpCommandExecutor.java:184)
	at org.openqa.selenium.remote.service.DriverCommandExecutor.invokeExecute(DriverCommandExecutor.java:153)
	at org.openqa.selenium.remote.service.DriverCommandExecutor.execute(DriverCommandExecutor.java:128)
	at org.openqa.selenium.remote.RemoteWebDriver.execute(RemoteWebDriver.java:619)
	at org.openqa.selenium.remote.RemoteWebDriver$Mechanism$2.findElement(RemoteWebDriver.java:1258)
	at org.openqa.selenium.remote.RemoteWebDriver.findElement(RemoteWebDriver.java:386)
	at org.openqa.selenium.remote.RemoteWebDriver.findElement(RemoteWebDriver.java:380)
	at base.Utils.getText(Utils.java:126)
	at test.NewsLetter.newsletter(NewsLetter.java:22)
	at java.base/java.util.ArrayList.forEach(ArrayList.java:1511)
... Removed 31 stack frames</pre></div><a href='#' onClick='toggleBox("stack-trace927744186", this, "Click to show all stack frames", "Click to hide stack frames")'>Click to show all stack frames</a>
<div class='stack-trace' id='stack-trace927744186'><pre>org.openqa.selenium.NoSuchElementException: no such element: Unable to locate element: {&quot;method&quot;:&quot;xpath&quot;,&quot;selector&quot;:&quot;//*[@class=&quot;alert alert-success&quot;]&quot;}
  (Session info: chrome=90.0.4430.93)
For documentation on this error, please visit: https://selenium.dev/exceptions/#no_such_element
Build info: version: &apos;4.0.0-beta-3&apos;, revision: &apos;5d108f9a67&apos;
System info: host: &apos;DESKTOP-OA3ENQ8&apos;, ip: &apos;10.10.31.109&apos;, os.name: &apos;Windows 10&apos;, os.arch: &apos;amd64&apos;, os.version: &apos;10.0&apos;, java.version: &apos;16&apos;
Driver info: org.openqa.selenium.chrome.ChromeDriver
Command: [2d936f54af10963f1af3b5b7e0882c85, findElement {using=xpath, value=//*[@class=&quot;alert alert-success&quot;]}]
Capabilities {acceptInsecureCerts: false, browserName: chrome, browserVersion: 90.0.4430.93, chrome: {chromedriverVersion: 89.0.4389.23 (61b08ee2c5002..., userDataDir: C:\Users\LQA\AppData\Local\...}, goog:chromeOptions: {debuggerAddress: localhost:60349}, javascriptEnabled: true, networkConnectionEnabled: false, pageLoadStrategy: normal, platform: WINDOWS, platformName: WINDOWS, proxy: Proxy(), se:cdp: ws://localhost:60349/devtoo..., se:cdpVersion: 90.0.4430.93, setWindowRect: true, strictFileInteractability: false, timeouts: {implicit: 0, pageLoad: 300000, script: 30000}, unhandledPromptBehavior: dismiss and notify, webauthn:extension:largeBlob: true, webauthn:virtualAuthenticators: true}
Session ID: 2d936f54af10963f1af3b5b7e0882c85
	at jdk.internal.reflect.GeneratedConstructorAccessor12.newInstance(Unknown Source)
	at java.base/jdk.internal.reflect.DelegatingConstructorAccessorImpl.newInstance(DelegatingConstructorAccessorImpl.java:45)
	at java.base/java.lang.reflect.Constructor.newInstanceWithCaller(Constructor.java:499)
	at java.base/java.lang.reflect.Constructor.newInstance(Constructor.java:480)
	at org.openqa.selenium.remote.codec.w3c.W3CHttpResponseCodec.createException(W3CHttpResponseCodec.java:198)
	at org.openqa.selenium.remote.codec.w3c.W3CHttpResponseCodec.decode(W3CHttpResponseCodec.java:131)
	at org.openqa.selenium.remote.codec.w3c.W3CHttpResponseCodec.decode(W3CHttpResponseCodec.java:52)
	at org.openqa.selenium.remote.HttpCommandExecutor.execute(HttpCommandExecutor.java:184)
	at org.openqa.selenium.remote.service.DriverCommandExecutor.invokeExecute(DriverCommandExecutor.java:153)
	at org.openqa.selenium.remote.service.DriverCommandExecutor.execute(DriverCommandExecutor.java:128)
	at org.openqa.selenium.remote.RemoteWebDriver.execute(RemoteWebDriver.java:619)
	at org.openqa.selenium.remote.RemoteWebDriver$Mechanism$2.findElement(RemoteWebDriver.java:1258)
	at org.openqa.selenium.remote.RemoteWebDriver.findElement(RemoteWebDriver.java:386)
	at org.openqa.selenium.remote.RemoteWebDriver.findElement(RemoteWebDriver.java:380)
	at base.Utils.getText(Utils.java:126)
	at test.NewsLetter.newsletter(NewsLetter.java:22)
	at java.base/jdk.internal.reflect.NativeMethodAccessorImpl.invoke0(Native Method)
	at java.base/jdk.internal.reflect.NativeMethodAccessorImpl.invoke(NativeMethodAccessorImpl.java:78)
	at java.base/jdk.internal.reflect.DelegatingMethodAccessorImpl.invoke(DelegatingMethodAccessorImpl.java:43)
	at java.base/java.lang.reflect.Method.invoke(Method.java:567)
	at org.testng.internal.MethodInvocationHelper.invokeMethod(MethodInvocationHelper.java:133)
	at org.testng.internal.TestInvoker.invokeMethod(TestInvoker.java:598)
	at org.testng.internal.TestInvoker.invokeTestMethod(TestInvoker.java:173)
	at org.testng.internal.MethodRunner.runInSequence(MethodRunner.java:46)
	at org.testng.internal.TestInvoker$MethodInvocationAgent.invoke(TestInvoker.java:824)
	at org.testng.internal.TestInvoker.invokeTestMethods(TestInvoker.java:146)
	at org.testng.internal.TestMethodWorker.invokeTestMethods(TestMethodWorker.java:146)
	at org.testng.internal.TestMethodWorker.run(TestMethodWorker.java:128)
	at java.base/java.util.ArrayList.forEach(ArrayList.java:1511)
	at org.testng.TestRunner.privateRun(TestRunner.java:794)
	at org.testng.TestRunner.run(TestRunner.java:596)
	at org.testng.SuiteRunner.runTest(SuiteRunner.java:377)
	at org.testng.SuiteRunner.runSequentially(SuiteRunner.java:371)
	at org.testng.SuiteRunner.privateRun(SuiteRunner.java:332)
	at org.testng.SuiteRunner.run(SuiteRunner.java:276)
	at org.testng.SuiteRunnerWorker.runSuite(SuiteRunnerWorker.java:53)
	at org.testng.SuiteRunnerWorker.run(SuiteRunnerWorker.java:96)
	at org.testng.TestNG.runSuitesSequentially(TestNG.java:1212)
	at org.testng.TestNG.runSuitesLocally(TestNG.java:1134)
	at org.testng.TestNG.runSuites(TestNG.java:1063)
	at org.testng.TestNG.run(TestNG.java:1031)
	at org.testng.remote.AbstractRemoteTestNG.run(AbstractRemoteTestNG.java:115)
	at org.testng.remote.RemoteTestNG.initAndRun(RemoteTestNG.java:251)
	at org.testng.remote.RemoteTestNG.main(RemoteTestNG.java:77)
</pre></div></td>
<td>10</td>
<td>test.NewsLetter@4fb61f4a</td></tr>
</table><p>
<table width='100%' border='1' class='invocation-passed'>
<tr><td colspan='4' align='center'><b>PASSED TESTS</b></td></tr>
<tr><td><b>Test method</b></td>
<td width="30%"><b>Exception</b></td>
<td width="10%"><b>Time (seconds)</b></td>
<td><b>Instance</b></td>
</tr>
<tr>
<td title='test.ProductDetail.quantity()'><b>quantity</b><br>Test class: test.ProductDetail</td>
<td></td>
<td>6</td>
<td>test.ProductDetail@7b9a4292</td></tr>
<tr>
<td title='test.Search.checkDefaultSearchText()'><b>checkDefaultSearchText</b><br>Test class: test.Search</td>
<td></td>
<td>0</td>
<td>test.Search@4a94ee4</td></tr>
<tr>
<td title='test.ProductDetail.shareTwitter()'><b>shareTwitter</b><br>Test class: test.ProductDetail</td>
<td></td>
<td>20</td>
<td>test.ProductDetail@7b9a4292</td></tr>
<tr>
<td title='test.Search.checkPrice()'><b>checkPrice</b><br>Test class: test.Search</td>
<td></td>
<td>3</td>
<td>test.Search@4a94ee4</td></tr>
<tr>
<td title='test.MuaHang.purchaseSuccess()'><b>purchaseSuccess</b><br>Test class: test.MuaHang</td>
<td></td>
<td>22</td>
<td>test.MuaHang@3e58a80e</td></tr>
<tr>
<td title='test.ProductDetail.nullQuantity()'><b>nullQuantity</b><br>Test class: test.ProductDetail</td>
<td></td>
<td>3</td>
<td>test.ProductDetail@7b9a4292</td></tr>
<tr>
<td title='test.CreateAccount.createAccountFail()'><b>createAccountFail</b><br>Test class: test.CreateAccount</td>
<td></td>
<td>4</td>
<td>test.CreateAccount@7714e963</td></tr>
<tr>
<td title='test.Search.inputTextSearchIncorrect()'><b>inputTextSearchIncorrect</b><br>Test class: test.Search</td>
<td></td>
<td>1</td>
<td>test.Search@4a94ee4</td></tr>
<tr>
<td title='test.ProductDetail.viewLargeImage()'><b>viewLargeImage</b><br>Test class: test.ProductDetail</td>
<td></td>
<td>3</td>
<td>test.ProductDetail@7b9a4292</td></tr>
<tr>
<td title='test.Search.checkProductNumber()'><b>checkProductNumber</b><br>Test class: test.Search</td>
<td></td>
<td>3</td>
<td>test.Search@4a94ee4</td></tr>
<tr>
<td title='test.MuaHang.promotionPurchase()'><b>promotionPurchase</b><br>Test class: test.MuaHang</td>
<td></td>
<td>17</td>
<td>test.MuaHang@3e58a80e</td></tr>
<tr>
<td title='test.ProductDetail.sendToFrend()'><b>sendToFrend</b><br>Test class: test.ProductDetail</td>
<td></td>
<td>2</td>
<td>test.ProductDetail@7b9a4292</td></tr>
<tr>
<td title='test.Search.checkNameProduct()'><b>checkNameProduct</b><br>Test class: test.Search</td>
<td></td>
<td>3</td>
<td>test.Search@4a94ee4</td></tr>
<tr>
<td title='test.ProductDetail.writeComment()'><b>writeComment</b><br>Test class: test.ProductDetail</td>
<td></td>
<td>12</td>
<td>test.ProductDetail@7b9a4292</td></tr>
<tr>
<td title='test.MuaHang.changePurchaseInfo()'><b>changePurchaseInfo</b><br>Test class: test.MuaHang</td>
<td></td>
<td>49</td>
<td>test.MuaHang@3e58a80e</td></tr>
<tr>
<td title='test.ContactUs.contactUs()'><b>contactUs</b><br>Test class: test.ContactUs</td>
<td></td>
<td>31</td>
<td>test.ContactUs@6b927fb</td></tr>
<tr>
<td title='test.Search.checkHintSearch()'><b>checkHintSearch</b><br>Test class: test.Search</td>
<td></td>
<td>1</td>
<td>test.Search@4a94ee4</td></tr>
</table><p>
</body>
</html>