<?xml version="1.0" encoding="UTF-8"?>
<!-- Generated by org.testng.reporters.JUnitXMLReporter -->
<testsuite ignored="0" hostname="DESKTOP-OA3ENQ8" failures="0" tests="1" name="Command line test" time="0.066" errors="0" timestamp="2021-04-28T09:04:01 ICT">
  <testcase classname="com.selenium.test.MainTest" name="@BeforeMethod beforeMethod" time="-1.619575441326E9">
    <failure type="org.testng.TestNGException" message="
Parameter &amp;apos;browser&amp;apos; is required by BeforeMethod on method beforeMethod but has not been marked @Optional or defined
">
      <![CDATA[org.testng.TestNGException: 
Parameter 'browser' is required by BeforeMethod on method beforeMethod but has not been marked @Optional or defined

at java.base/java.util.ArrayList.forEach(ArrayList.java:1511)
... Removed 37 stack frames]]>
    </failure>
  </testcase> <!-- @BeforeMethod beforeMethod -->
  <testcase classname="com.selenium.test.MainTest" name="@AfterMethod afterMethod" time="-1.619575441349E9">
    <skipped/>
  </testcase> <!-- @AfterMethod afterMethod -->
  <testcase classname="com.selenium.test.MainTest" name="main" time="0.0">
    <skipped/>
  </testcase> <!-- main -->
</testsuite> <!-- Command line test -->
